c:\users\pc\desktop\lol_proj\lolproj\debug\vc142.pdb
c:\users\pc\desktop\lol_proj\lolproj\debug\vc142.idb
c:\users\pc\desktop\lol_proj\lolproj\debug\lolproj.obj
c:\users\pc\desktop\lol_proj\lolproj\debug\playprocessor.obj
c:\users\pc\desktop\lol_proj\lolproj\debug\interface.obj
c:\users\pc\desktop\lol_proj\lolproj\debug\champion.obj
c:\users\pc\desktop\lol_proj\lolproj\debug\controller.obj
c:\users\pc\desktop\lol_proj\lolproj\debug\processorfactory.obj
c:\users\pc\desktop\lol_proj\lolproj\debug\initprocessor.obj
c:\users\pc\desktop\lol_proj\lolproj\debug\stringutil.obj
c:\users\pc\desktop\lol_proj\lolproj\debug\lolproj.exe
c:\users\pc\desktop\lol_proj\lolproj\debug\lolproj.ilk
c:\users\pc\desktop\lol_proj\lolproj\debug\lolproj.pdb
c:\users\pc\desktop\lol_proj\lolproj\debug\lolproj.tlog\cl.command.1.tlog
c:\users\pc\desktop\lol_proj\lolproj\debug\lolproj.tlog\cl.read.1.tlog
c:\users\pc\desktop\lol_proj\lolproj\debug\lolproj.tlog\cl.write.1.tlog
c:\users\pc\desktop\lol_proj\lolproj\debug\lolproj.tlog\link-cvtres.read.1.tlog
c:\users\pc\desktop\lol_proj\lolproj\debug\lolproj.tlog\link-cvtres.write.1.tlog
c:\users\pc\desktop\lol_proj\lolproj\debug\lolproj.tlog\link-rc.read.1.tlog
c:\users\pc\desktop\lol_proj\lolproj\debug\lolproj.tlog\link-rc.write.1.tlog
c:\users\pc\desktop\lol_proj\lolproj\debug\lolproj.tlog\link.7648-cvtres.read.1.tlog
c:\users\pc\desktop\lol_proj\lolproj\debug\lolproj.tlog\link.7648-cvtres.write.1.tlog
c:\users\pc\desktop\lol_proj\lolproj\debug\lolproj.tlog\link.7648-rc.read.1.tlog
c:\users\pc\desktop\lol_proj\lolproj\debug\lolproj.tlog\link.7648-rc.write.1.tlog
c:\users\pc\desktop\lol_proj\lolproj\debug\lolproj.tlog\link.7648.read.1.tlog
c:\users\pc\desktop\lol_proj\lolproj\debug\lolproj.tlog\link.7648.write.1.tlog
c:\users\pc\desktop\lol_proj\lolproj\debug\lolproj.tlog\link.command.1.tlog
c:\users\pc\desktop\lol_proj\lolproj\debug\lolproj.tlog\link.read.1.tlog
c:\users\pc\desktop\lol_proj\lolproj\debug\lolproj.tlog\link.write.1.tlog
